#
# There is insufficient memory for the Java Runtime Environment to continue.
# Native memory allocation (malloc) failed to allocate 1091456 bytes for Chunk::new
# Possible reasons:
#   The system is out of physical RAM or swap space
#   In 32 bit mode, the process size limit was hit
# Possible solutions:
#   Reduce memory load on the system
#   Increase physical memory or swap space
#   Check if swap backing store is full
#   Use 64 bit Java on a 64 bit OS
#   Decrease Java heap size (-Xmx/-Xms)
#   Decrease number of Java threads
#   Decrease Java thread stack sizes (-Xss)
#   Set larger code cache with -XX:ReservedCodeCacheSize=
# This output file may be truncated or incomplete.
#
#  Out of Memory Error (allocation.cpp:390), pid=10276, tid=8996
#
# JRE version: Java(TM) SE Runtime Environment (8.0_91-b15) (build 1.8.0_91-b15)
# Java VM: Java HotSpot(TM) 64-Bit Server VM (25.91-b15 mixed mode windows-amd64 compressed oops)
# Failed to write core dump. Minidumps are not enabled by default on client versions of Windows
#

---------------  T H R E A D  ---------------

Current thread (0x000000001574b000):  JavaThread "C2 CompilerThread0" daemon [_thread_in_native, id=8996, stack(0x00000000170d0000,0x00000000171d0000)]

Stack: [0x00000000170d0000,0x00000000171d0000]
[error occurred during error reporting (printing stack bounds), id 0xc0000005]

Native frames: (J=compiled Java code, j=interpreted, Vv=VM code, C=native code)


Current CompileTask:
C2:   1965 1811       4       com.android.dx.dex.code.OutputFinisher::addConstants (93 bytes)


---------------  P R O C E S S  ---------------

Java Threads: ( => current thread )
  0x0000000016d48800 JavaThread "pool-1-thread-1" [_thread_in_Java, id=9832, stack(0x000000001a3d0000,0x000000001a4d0000)]
  0x0000000016b32800 JavaThread "Service Thread" daemon [_thread_blocked, id=9432, stack(0x00000000173d0000,0x00000000174d0000)]
  0x0000000016b29000 JavaThread "C1 CompilerThread2" daemon [_thread_blocked, id=9736, stack(0x00000000172d0000,0x00000000173d0000)]
  0x000000001574e800 JavaThread "C2 CompilerThread1" daemon [_thread_in_native, id=10388, stack(0x00000000171d0000,0x00000000172d0000)]
=>0x000000001574b000 JavaThread "C2 CompilerThread0" daemon [_thread_in_native, id=8996, stack(0x00000000170d0000,0x00000000171d0000)]
  0x0000000015749000 JavaThread "Attach Listener" daemon [_thread_blocked, id=8560, stack(0x0000000016fd0000,0x00000000170d0000)]
  0x00000000156ff000 JavaThread "Signal Dispatcher" daemon [_thread_blocked, id=10340, stack(0x0000000016ed0000,0x0000000016fd0000)]
  0x0000000003014800 JavaThread "Finalizer" daemon [_thread_blocked, id=10376, stack(0x0000000016950000,0x0000000016a50000)]
  0x000000000300f000 JavaThread "Reference Handler" daemon [_thread_blocked, id=3348, stack(0x0000000016850000,0x0000000016950000)]
  0x0000000002f21000 JavaThread "main" [_thread_blocked, id=224, stack(0x0000000002d20000,0x0000000002e20000)]

Other Threads:
  0x00000000156b7800 VMThread [stack: 0x0000000016750000,0x0000000016850000] [id=8852]
  0x0000000016b9c000 WatcherThread [stack: 0x00000000174d0000,0x00000000175d0000] [id=10540]

VM state:not at safepoint (normal execution)

VM Mutex/Monitor currently owned by a thread: None

Heap:
 PSYoungGen      total 138240K, used 26920K [0x00000000eab00000, 0x00000000f3700000, 0x0000000100000000)
  eden space 133120K, 16% used [0x00000000eab00000,0x00000000ec04fa00,0x00000000f2d00000)
  from space 5120K, 99% used [0x00000000f3200000,0x00000000f36fa8a0,0x00000000f3700000)
  to   space 5120K, 0% used [0x00000000f2d00000,0x00000000f2d00000,0x00000000f3200000)
 ParOldGen       total 87552K, used 24450K [0x00000000c0000000, 0x00000000c5580000, 0x00000000eab00000)
  object space 87552K, 27% used [0x00000000c0000000,0x00000000c17e0a78,0x00000000c5580000)
 Metaspace       used 6718K, capacity 7416K, committed 7680K, reserved 1056768K
  class space    used 646K, capacity 688K, committed 768K, reserved 1048576K

Card table byte_map: [0x00000000123e0000,0x00000000125f0000] byte_map_base: 0x0000000011de0000

Marking Bits: (ParMarkBitMap*) 0x000000006a462f70
 Begin Bits: [0x0000000012b50000, 0x0000000013b50000)
 End Bits:   [0x0000000013b50000, 0x0000000014b50000)

Polling page: 0x00000000011b0000

CodeCache: size=245760Kb used=7661Kb max_used=7661Kb free=238098Kb
 bounds [0x0000000003020000, 0x00000000037b0000, 0x0000000012020000]
 total_blobs=2270 nmethods=1998 adapters=184
 compilation: enabled

Compilation events (10 events):
Event: 1.945 Thread 0x0000000016b29000 2051       2       com.android.dx.dex.code.DalvInsn::expandedVersion (20 bytes)
Event: 1.945 Thread 0x0000000016b29000 nmethod 2051 0x000000000379f410 code [0x000000000379f580, 0x000000000379f758]
Event: 1.953 Thread 0x0000000016b29000 2052       2       com.android.dx.util.FixedSizeList::equals (41 bytes)
Event: 1.953 Thread 0x0000000016b29000 nmethod 2052 0x000000000379f890 code [0x000000000379fa00, 0x000000000379fc08]
Event: 1.957 Thread 0x0000000016b29000 2053       1       com.android.dx.rop.cst.CstKnownNull::fitsInInt (2 bytes)
Event: 1.957 Thread 0x0000000016b29000 nmethod 2053 0x000000000379fd10 code [0x000000000379fe60, 0x000000000379ff70]
Event: 1.958 Thread 0x0000000016b29000 2054       1       com.android.dx.rop.cst.CstKnownNull::getIntBits (2 bytes)
Event: 1.958 Thread 0x0000000016b29000 nmethod 2054 0x000000000379ffd0 code [0x00000000037a0120, 0x00000000037a0230]
Event: 1.962 Thread 0x0000000016b29000 2055       2       com.android.dx.dex.code.LocalStart::withRegisterOffset (20 bytes)
Event: 1.962 Thread 0x0000000016b29000 nmethod 2055 0x00000000037a0290 code [0x00000000037a0420, 0x00000000037a0768]

GC Heap History (8 events):
Event: 1.075 GC heap before
{Heap before GC invocations=1 (full 0):
 PSYoungGen      total 38400K, used 33280K [0x00000000eab00000, 0x00000000ed580000, 0x0000000100000000)
  eden space 33280K, 100% used [0x00000000eab00000,0x00000000ecb80000,0x00000000ecb80000)
  from space 5120K, 0% used [0x00000000ed080000,0x00000000ed080000,0x00000000ed580000)
  to   space 5120K, 0% used [0x00000000ecb80000,0x00000000ecb80000,0x00000000ed080000)
 ParOldGen       total 87552K, used 0K [0x00000000c0000000, 0x00000000c5580000, 0x00000000eab00000)
  object space 87552K, 0% used [0x00000000c0000000,0x00000000c0000000,0x00000000c5580000)
 Metaspace       used 6056K, capacity 6966K, committed 7040K, reserved 1056768K
  class space    used 603K, capacity 622K, committed 640K, reserved 1048576K
Event: 1.086 GC heap after
Heap after GC invocations=1 (full 0):
 PSYoungGen      total 38400K, used 5092K [0x00000000eab00000, 0x00000000ef600000, 0x0000000100000000)
  eden space 33280K, 0% used [0x00000000eab00000,0x00000000eab00000,0x00000000ecb80000)
  from space 5120K, 99% used [0x00000000ecb80000,0x00000000ed0790d8,0x00000000ed080000)
  to   space 5120K, 0% used [0x00000000ef100000,0x00000000ef100000,0x00000000ef600000)
 ParOldGen       total 87552K, used 1538K [0x00000000c0000000, 0x00000000c5580000, 0x00000000eab00000)
  object space 87552K, 1% used [0x00000000c0000000,0x00000000c0180908,0x00000000c5580000)
 Metaspace       used 6056K, capacity 6966K, committed 7040K, reserved 1056768K
  class space    used 603K, capacity 622K, committed 640K, reserved 1048576K
}
Event: 1.230 GC heap before
{Heap before GC invocations=2 (full 0):
 PSYoungGen      total 38400K, used 38372K [0x00000000eab00000, 0x00000000ef600000, 0x0000000100000000)
  eden space 33280K, 100% used [0x00000000eab00000,0x00000000ecb80000,0x00000000ecb80000)
  from space 5120K, 99% used [0x00000000ecb80000,0x00000000ed0790d8,0x00000000ed080000)
  to   space 5120K, 0% used [0x00000000ef100000,0x00000000ef100000,0x00000000ef600000)
 ParOldGen       total 87552K, used 1538K [0x00000000c0000000, 0x00000000c5580000, 0x00000000eab00000)
  object space 87552K, 1% used [0x00000000c0000000,0x00000000c0180908,0x00000000c5580000)
 Metaspace       used 6213K, capacity 7094K, committed 7296K, reserved 1056768K
  class space    used 607K, capacity 622K, committed 640K, reserved 1048576K
Event: 1.244 GC heap after
Heap after GC invocations=2 (full 0):
 PSYoungGen      total 71680K, used 5097K [0x00000000eab00000, 0x00000000ef600000, 0x0000000100000000)
  eden space 66560K, 0% used [0x00000000eab00000,0x00000000eab00000,0x00000000eec00000)
  from space 5120K, 99% used [0x00000000ef100000,0x00000000ef5fa5b8,0x00000000ef600000)
  to   space 5120K, 0% used [0x00000000eec00000,0x00000000eec00000,0x00000000ef100000)
 ParOldGen       total 87552K, used 5708K [0x00000000c0000000, 0x00000000c5580000, 0x00000000eab00000)
  object space 87552K, 6% used [0x00000000c0000000,0x00000000c0593220,0x00000000c5580000)
 Metaspace       used 6213K, capacity 7094K, committed 7296K, reserved 1056768K
  class space    used 607K, capacity 622K, committed 640K, reserved 1048576K
}
Event: 1.478 GC heap before
{Heap before GC invocations=3 (full 0):
 PSYoungGen      total 71680K, used 71657K [0x00000000eab00000, 0x00000000ef600000, 0x0000000100000000)
  eden space 66560K, 100% used [0x00000000eab00000,0x00000000eec00000,0x00000000eec00000)
  from space 5120K, 99% used [0x00000000ef100000,0x00000000ef5fa5b8,0x00000000ef600000)
  to   space 5120K, 0% used [0x00000000eec00000,0x00000000eec00000,0x00000000ef100000)
 ParOldGen       total 87552K, used 5708K [0x00000000c0000000, 0x00000000c5580000, 0x00000000eab00000)
  object space 87552K, 6% used [0x00000000c0000000,0x00000000c0593220,0x00000000c5580000)
 Metaspace       used 6388K, capacity 7128K, committed 7424K, reserved 1056768K
  class space    used 627K, capacity 656K, committed 768K, reserved 1048576K
Event: 1.508 GC heap after
Heap after GC invocations=3 (full 0):
 PSYoungGen      total 71680K, used 5094K [0x00000000eab00000, 0x00000000f3700000, 0x0000000100000000)
  eden space 66560K, 0% used [0x00000000eab00000,0x00000000eab00000,0x00000000eec00000)
  from space 5120K, 99% used [0x00000000eec00000,0x00000000ef0f9a48,0x00000000ef100000)
  to   space 5120K, 0% used [0x00000000f3200000,0x00000000f3200000,0x00000000f3700000)
 ParOldGen       total 87552K, used 15568K [0x00000000c0000000, 0x00000000c5580000, 0x00000000eab00000)
  object space 87552K, 17% used [0x00000000c0000000,0x00000000c0f34360,0x00000000c5580000)
 Metaspace       used 6388K, capacity 7128K, committed 7424K, reserved 1056768K
  class space    used 627K, capacity 656K, committed 768K, reserved 1048576K
}
Event: 1.674 GC heap before
{Heap before GC invocations=4 (full 0):
 PSYoungGen      total 71680K, used 71654K [0x00000000eab00000, 0x00000000f3700000, 0x0000000100000000)
  eden space 66560K, 100% used [0x00000000eab00000,0x00000000eec00000,0x00000000eec00000)
  from space 5120K, 99% used [0x00000000eec00000,0x00000000ef0f9a48,0x00000000ef100000)
  to   space 5120K, 0% used [0x00000000f3200000,0x00000000f3200000,0x00000000f3700000)
 ParOldGen       total 87552K, used 15568K [0x00000000c0000000, 0x00000000c5580000, 0x00000000eab00000)
  object space 87552K, 17% used [0x00000000c0000000,0x00000000c0f34360,0x00000000c5580000)
 Metaspace       used 6421K, capacity 7192K, committed 7424K, reserved 1056768K
  class space    used 629K, capacity 656K, committed 768K, reserved 1048576K
Event: 1.704 GC heap after
Heap after GC invocations=4 (full 0):
 PSYoungGen      total 138240K, used 5098K [0x00000000eab00000, 0x00000000f3700000, 0x0000000100000000)
  eden space 133120K, 0% used [0x00000000eab00000,0x00000000eab00000,0x00000000f2d00000)
  from space 5120K, 99% used [0x00000000f3200000,0x00000000f36fa8a0,0x00000000f3700000)
  to   space 5120K, 0% used [0x00000000f2d00000,0x00000000f2d00000,0x00000000f3200000)
 ParOldGen       total 87552K, used 24450K [0x00000000c0000000, 0x00000000c5580000, 0x00000000eab00000)
  object space 87552K, 27% used [0x00000000c0000000,0x00000000c17e0a78,0x00000000c5580000)
 Metaspace       used 6421K, capacity 7192K, committed 7424K, reserved 1056768K
  class space    used 629K, capacity 656K, committed 768K, reserved 1048576K
}

Deoptimization events (10 events):
Event: 1.345 Thread 0x0000000016d88800 Uncommon trap: reason=unstable_if action=reinterpret pc=0x000000000353a0ac method=java.util.HashMap.putVal(ILjava/lang/Object;Ljava/lang/Object;ZZ)Ljava/lang/Object; @ 162
Event: 1.749 Thread 0x0000000016d48800 Uncommon trap: reason=class_check action=maybe_recompile pc=0x00000000034c6808 method=java.util.Arrays.hashCode([Ljava/lang/Object;)I @ 43
Event: 1.749 Thread 0x0000000016d48800 Uncommon trap: reason=class_check action=maybe_recompile pc=0x00000000034c6808 method=java.util.Arrays.hashCode([Ljava/lang/Object;)I @ 43
Event: 1.749 Thread 0x0000000016d48800 Uncommon trap: reason=class_check action=maybe_recompile pc=0x00000000034c6808 method=java.util.Arrays.hashCode([Ljava/lang/Object;)I @ 43
Event: 1.749 Thread 0x0000000016d48800 Uncommon trap: reason=class_check action=maybe_recompile pc=0x00000000034c6808 method=java.util.Arrays.hashCode([Ljava/lang/Object;)I @ 43
Event: 1.750 Thread 0x0000000016d48800 Uncommon trap: reason=class_check action=maybe_recompile pc=0x0000000003434b28 method=java.util.Arrays.hashCode([Ljava/lang/Object;)I @ 43
Event: 1.877 Thread 0x0000000016d48800 Uncommon trap: reason=speculate_class_check action=maybe_recompile pc=0x00000000033e1424 method=com.android.dx.util.FixedSizeList.equals(Ljava/lang/Object;)Z @ 25
Event: 1.878 Thread 0x0000000016d48800 Uncommon trap: reason=speculate_class_check action=maybe_recompile pc=0x00000000033e1424 method=com.android.dx.util.FixedSizeList.equals(Ljava/lang/Object;)Z @ 25
Event: 1.878 Thread 0x0000000016d48800 Uncommon trap: reason=speculate_class_check action=maybe_recompile pc=0x00000000033e1424 method=com.android.dx.util.FixedSizeList.equals(Ljava/lang/Object;)Z @ 25
Event: 1.878 Thread 0x0000000016d48800 Uncommon trap: reason=speculate_class_check action=maybe_recompile pc=0x00000000033e1424 method=com.android.dx.util.FixedSizeList.equals(Ljava/lang/Object;)Z @ 25

Internal exceptions (7 events):
Event: 0.101 Thread 0x0000000002f21000 Exception <a 'java/lang/NoSuchMethodError': Method sun.misc.Unsafe.defineClass(Ljava/lang/String;[BII)Ljava/lang/Class; name or signature does not match> (0x00000000eab07cc0) thrown at [C:\re\workspace\8-2-build-windows-amd64-cygwin\jdk8u91\7017\hotspot\sr“¡ã8«—π?
Event: 0.101 Thread 0x0000000002f21000 Exception <a 'java/lang/NoSuchMethodError': Method sun.misc.Unsafe.prefetchRead(Ljava/lang/Object;J)V name or signature does not match> (0x00000000eab07fa8) thrown at [C:\re\workspace\8-2-build-windows-amd64-cygwin\jdk8u91\7017\hotspot\src\share\vm\prims\j÷µ=≈¸Ú?
Event: 1.187 Thread 0x0000000016d88800 Implicit null exception at 0x000000000331e335 to 0x000000000331fbf5
Event: 1.270 Thread 0x0000000016d87000 Implicit null exception at 0x00000000032dac71 to 0x00000000032dc171
Event: 1.298 Thread 0x0000000002f21000 Exception <a 'java/lang/ArrayIndexOutOfBoundsException': 18> (0x00000000ebb2a798) thrown at [C:\re\workspace\8-2-build-windows-amd64-cygwin\jdk8u91\7017\hotspot\src\share\vm\interpreter\interpreterRuntime.cpp, line 366]
Event: 1.299 Thread 0x0000000002f21000 Exception <a 'java/lang/ArrayIndexOutOfBoundsException': 145> (0x00000000ebb2c318) thrown at [C:\re\workspace\8-2-build-windows-amd64-cygwin\jdk8u91\7017\hotspot\src\share\vm\interpreter\interpreterRuntime.cpp, line 366]
Event: 1.302 Thread 0x0000000002f21000 Exception <a 'java/lang/ArrayIndexOutOfBoundsException'> (0x00000000ebb2d600) thrown at [C:\re\workspace\8-2-build-windows-amd64-cygwin\jdk8u91\7017\hotspot\src\share\vm\runtime\sharedRuntime.cpp, line 605]

Events (10 events):
Event: 1.917 Thread 0x0000000016d48800 DEOPT PACKING pc=0x0000000003737e98 sp=0x000000001a4ceca0
Event: 1.917 Thread 0x0000000016d48800 DEOPT UNPACKING pc=0x000000000306787f sp=0x000000001a4cea00 mode 0
Event: 1.920 Thread 0x0000000016d48800 DEOPT PACKING pc=0x0000000003756c78 sp=0x000000001a4ceb30
Event: 1.920 Thread 0x0000000016d48800 DEOPT UNPACKING pc=0x000000000306787f sp=0x000000001a4ce8b0 mode 0
Event: 1.929 Thread 0x0000000016d48800 DEOPT PACKING pc=0x000000000374ffd9 sp=0x000000001a4ceca0
Event: 1.929 Thread 0x0000000016d48800 DEOPT UNPACKING pc=0x000000000306787f sp=0x000000001a4cea58 mode 0
Event: 1.929 Thread 0x0000000016d48800 DEOPT PACKING pc=0x000000000375278d sp=0x000000001a4ced60
Event: 1.929 Thread 0x0000000016d48800 DEOPT UNPACKING pc=0x000000000306787f sp=0x000000001a4ceab0 mode 0
Event: 1.933 Thread 0x0000000016d48800 DEOPT PACKING pc=0x000000000374f051 sp=0x000000001a4cecd0
Event: 1.933 Thread 0x0000000016d48800 DEOPT UNPACKING pc=0x000000000306787f sp=0x000000001a4cea48 mode 0


Dynamic libraries:
0x00007ff7d6450000 - 0x00007ff7d6487000 	C:\Program Files\Java\jdk1.8.0_91\bin\java.exe
0x00007ff8797d0000 - 0x00007ff879991000 	C:\WINDOWS\SYSTEM32\ntdll.dll
0x00007ff8793e0000 - 0x00007ff87948d000 	C:\WINDOWS\system32\KERNEL32.DLL
0x00007ff875ec0000 - 0x00007ff8760a8000 	C:\WINDOWS\system32\KERNELBASE.dll
0x00007ff876d20000 - 0x00007ff876dc7000 	C:\WINDOWS\system32\ADVAPI32.dll
0x00007ff877500000 - 0x00007ff87759d000 	C:\WINDOWS\system32\msvcrt.dll
0x00007ff877720000 - 0x00007ff87777b000 	C:\WINDOWS\system32\sechost.dll
0x00007ff877600000 - 0x00007ff87771c000 	C:\WINDOWS\system32\RPCRT4.dll
0x00007ff8771b0000 - 0x00007ff877306000 	C:\WINDOWS\system32\USER32.dll
0x00007ff877310000 - 0x00007ff877496000 	C:\WINDOWS\system32\GDI32.dll
0x00007ff85b540000 - 0x00007ff85b7b4000 	C:\WINDOWS\WinSxS\amd64_microsoft.windows.common-controls_6595b64144ccf1df_6.0.10586.0_none_8c15ae12515e1c22\COMCTL32.dll
0x00007ff876f30000 - 0x00007ff8771ad000 	C:\WINDOWS\system32\combase.dll
0x00007ff876b40000 - 0x00007ff876baa000 	C:\WINDOWS\system32\bcryptPrimitives.dll
0x00007ff8774c0000 - 0x00007ff8774fb000 	C:\WINDOWS\system32\IMM32.DLL
0x0000000069670000 - 0x0000000069742000 	C:\Program Files\Java\jdk1.8.0_91\jre\bin\msvcr100.dll
0x0000000069c50000 - 0x000000006a4e3000 	C:\Program Files\Java\jdk1.8.0_91\jre\bin\server\jvm.dll
0x00007ff876c80000 - 0x00007ff876c88000 	C:\WINDOWS\system32\PSAPI.DLL
0x00007ff86c2b0000 - 0x00007ff86c2b9000 	C:\WINDOWS\SYSTEM32\WSOCK32.dll
0x00007ff8795a0000 - 0x00007ff87960b000 	C:\WINDOWS\system32\WS2_32.dll
0x00007ff874500000 - 0x00007ff874523000 	C:\WINDOWS\SYSTEM32\WINMM.dll
0x00007ff86bbe0000 - 0x00007ff86bbea000 	C:\WINDOWS\SYSTEM32\VERSION.dll
0x00007ff8744a0000 - 0x00007ff8744cc000 	C:\WINDOWS\SYSTEM32\WINMMBASE.dll
0x00007ff876330000 - 0x00007ff876373000 	C:\WINDOWS\system32\cfgmgr32.dll
0x0000000069b60000 - 0x0000000069b6f000 	C:\Program Files\Java\jdk1.8.0_91\jre\bin\verify.dll
0x0000000069b30000 - 0x0000000069b59000 	C:\Program Files\Java\jdk1.8.0_91\jre\bin\java.dll
0x0000000069b10000 - 0x0000000069b26000 	C:\Program Files\Java\jdk1.8.0_91\jre\bin\zip.dll
0x00007ff8779f0000 - 0x00007ff878f4c000 	C:\WINDOWS\system32\SHELL32.dll
0x00007ff876430000 - 0x00007ff876a74000 	C:\WINDOWS\system32\windows.storage.dll
0x00007ff8775a0000 - 0x00007ff8775f2000 	C:\WINDOWS\system32\shlwapi.dll
0x00007ff875e50000 - 0x00007ff875e5f000 	C:\WINDOWS\system32\kernel.appcore.dll
0x00007ff876a80000 - 0x00007ff876b35000 	C:\WINDOWS\system32\shcore.dll
0x00007ff875e00000 - 0x00007ff875e4b000 	C:\WINDOWS\system32\powrprof.dll
0x00007ff875dd0000 - 0x00007ff875de4000 	C:\WINDOWS\system32\profapi.dll

VM Arguments:
jvm_args: -Djava.awt.headless=true -Xmx1024M -Dfile.encoding=x-windows-949 -Duser.country=KR -Duser.language=ko -Duser.variant 
java_command: com.android.dx.command.Main --dex --force-jumbo --num-threads=4 --multi-dex --output C:\Users\estsoft\AndroidStudioProjects\TravelFriendFlow2\app\build\intermediates\transforms\dex\debug\folders\1000\10\com.android.support-recyclerview-v7-23.4.0_56e86cdbd2e082930aec6bdb4689fce373fd219e C:\Users\estsoft\AndroidStudioProjects\TravelFriendFlow2\app\build\intermediates\exploded-aar\com.android.support\recyclerview-v7\23.4.0\jars\classes.jar
java_class_path (initial): D:\AndroidSDK\build-tools\23.0.3\lib\dx.jar
Launcher Type: SUN_STANDARD

Environment Variables:
JAVA_HOME=C:\Program Files\Java\jdk1.8.0_91
PATH=C:\Program Files\Java\jdk1.8.0_91\bin;C:\ProgramData\Oracle\Java\javapath;C:\Program Files (x86)\Intel\iCLS Client\;C:\Program Files\Intel\iCLS Client\;C:\WINDOWS\system32;C:\WINDOWS;C:\WINDOWS\System32\Wbem;C:\WINDOWS\System32\WindowsPowerShell\v1.0\;C:\Program Files\Intel\Intel(R) Management Engine Components\DAL;C:\Program Files (x86)\Intel\Intel(R) Management Engine Components\DAL;C:\Program Files\Intel\Intel(R) Management Engine Components\IPT;C:\Program Files (x86)\Intel\Intel(R) Management Engine Components\IPT;C:\Program Files (x86)\Common Files\Acronis\SnapAPI\;C:\Program Files (x86)\Common Files\Acronis\TibMounter64
USERNAME=estsoft
OS=Windows_NT
PROCESSOR_IDENTIFIER=Intel64 Family 6 Model 60 Stepping 3, GenuineIntel



---------------  S Y S T E M  ---------------

OS: Windows 10.0 , 64 bit Build 10586 (10.0.10586.0)

CPU:total 4 (4 cores per cpu, 1 threads per core) family 6 model 60 stepping 3, cmov, cx8, fxsr, mmx, sse, sse2, sse3, ssse3, sse4.1, sse4.2, popcnt, avx, avx2, aes, clmul, erms, lzcnt, tsc, tscinvbit, bmi1, bmi2

Memory: 4k page, physical 8262644k(1016848k free), swap 8262644k(5500k free)

vm_info: Java HotSpot(TM) 64-Bit Server VM (25.91-b15) for windows-amd64 JRE (1.8.0_91-b15), built on May 20 2016 17:43:15 by "java_re" with MS VC++ 10.0 (VS2010)

time: Mon Jul 11 11:50:51 2016
elapsed time: 1 seconds (0d 0h 0m 1s)

